Using pre-set license
Built from '6000.0/staging' branch; Version is '6000.0.41f1 (46e447368a18) revision 4645959'; Using compiler version '193933523'; Build Type 'Release'
OS: 'Windows 11  (10.0.22631) 64bit Professional' Language: 'ja' Physical Memory: 32493 MB
BatchMode: 1, IsHumanControllingUs: 0, StartBugReporterOnCrash: 0, Is64bit: 1, IsPro: 1

COMMAND LINE ARGUMENTS:
C:\Program Files\Unity\Hub\Editor\6000.0.41f1\Editor\Unity.exe
-adb2
-batchMode
-noUpm
-name
AssetImportWorker8
-projectPath
C:/Users/ktc/Desktop/116/１
-logFile
Logs/AssetImportWorker8.log
-srvPort
49173
-job-worker-count
7
-background-job-worker-count
8
-gc-helper-count
1
Successfully changed project path to: C:/Users/ktc/Desktop/116/１
C:/Users/ktc/Desktop/116/１
[UnityMemory] Configuration Parameters - Can be set up in boot.config
    "memorysetup-bucket-allocator-granularity=16"
    "memorysetup-bucket-allocator-bucket-count=8"
    "memorysetup-bucket-allocator-block-size=33554432"
    "memorysetup-bucket-allocator-block-count=8"
    "memorysetup-main-allocator-block-size=16777216"
    "memorysetup-thread-allocator-block-size=16777216"
    "memorysetup-gfx-main-allocator-block-size=16777216"
    "memorysetup-gfx-thread-allocator-block-size=16777216"
    "memorysetup-cache-allocator-block-size=4194304"
    "memorysetup-typetree-allocator-block-size=2097152"
    "memorysetup-profiler-bucket-allocator-granularity=16"
    "memorysetup-profiler-bucket-allocator-bucket-count=8"
    "memorysetup-profiler-bucket-allocator-block-size=33554432"
    "memorysetup-profiler-bucket-allocator-block-count=8"
    "memorysetup-profiler-allocator-block-size=16777216"
    "memorysetup-profiler-editor-allocator-block-size=1048576"
    "memorysetup-temp-allocator-size-main=16777216"
    "memorysetup-job-temp-allocator-block-size=2097152"
    "memorysetup-job-temp-allocator-block-size-background=1048576"
    "memorysetup-job-temp-allocator-reduction-small-platforms=262144"
    "memorysetup-allocator-temp-initial-block-size-main=262144"
    "memorysetup-allocator-temp-initial-block-size-worker=262144"
    "memorysetup-temp-allocator-size-background-worker=32768"
    "memorysetup-temp-allocator-size-job-worker=262144"
    "memorysetup-temp-allocator-size-preload-manager=33554432"
    "memorysetup-temp-allocator-size-nav-mesh-worker=65536"
    "memorysetup-temp-allocator-size-audio-worker=65536"
    "memorysetup-temp-allocator-size-cloud-worker=32768"
    "memorysetup-temp-allocator-size-gi-baking-worker=262144"
    "memorysetup-temp-allocator-size-gi-baking-worker=262144"
    "memorysetup-temp-allocator-size-gi-baking-worker=262144"
    "memorysetup-temp-allocator-size-gi-baking-worker=262144"
    "memorysetup-temp-allocator-size-gi-baking-worker=262144"
    "memorysetup-temp-allocator-size-gfx=262144"
Player connection [3956]  Target information:

Player connection [3956]  * "[IP] 172.22.74.147 [Port] 0 [Flags] 2 [Guid] 3278140090 [EditorId] 3278140090 [Version] 1048832 [Id] WindowsEditor(7,504-14) [Debug] 1 [PackageName] WindowsEditor [ProjectName] Editor" 

Player connection [3956]  * "[IP] 172.20.96.1 [Port] 0 [Flags] 2 [Guid] 3278140090 [EditorId] 3278140090 [Version] 1048832 [Id] WindowsEditor(7,504-14) [Debug] 1 [PackageName] WindowsEditor [ProjectName] Editor" 

Player connection [3956]  * "[IP] 192.168.56.1 [Port] 0 [Flags] 2 [Guid] 3278140090 [EditorId] 3278140090 [Version] 1048832 [Id] WindowsEditor(7,504-14) [Debug] 1 [PackageName] WindowsEditor [ProjectName] Editor" 

Player connection [3956] Host joined multi-casting on [225.0.0.222:54997]...
Player connection [3956] Host joined alternative multi-casting on [225.0.0.222:34997]...
JobSystem: Creating JobQueue using job-worker-count value 7
Input System module state changed to: Initialized.
[Physics::Module] Initialized fallback backend.
[Physics::Module] Id: 0xdecafbad
Library Redirect Path: Library/
[Physics::Module] Selected backend.
[Physics::Module] Name: PhysX
[Physics::Module] Id: 0xf2b8ea05
[Physics::Module] SDK Version: 4.1.2
[Physics::Module] Integration Version: 1.0.0
[Physics::Module] Threading Mode: Multi-Threaded
Refreshing native plugins compatible for Editor in 1.65 ms, found 3 plugins.
Preloading 0 native plugins for Editor in 0.00 ms.
Initialize engine version: 6000.0.41f1 (46e447368a18)
[Subsystems] Discovering subsystems at path C:/Program Files/Unity/Hub/Editor/6000.0.41f1/Editor/Data/Resources/UnitySubsystems
[Subsystems] Discovering subsystems at path C:/Users/ktc/Desktop/116/１/Assets
GfxDevice: creating device client; kGfxThreadingModeNonThreaded
Direct3D:
    Version:  Direct3D 11.0 [level 11.1]
    Renderer: NVIDIA GeForce RTX 3060 (ID=0x2503)
    Vendor:   NVIDIA
    VRAM:     12115 MB
    Driver:   32.0.15.6624
Initialize mono
Mono path[0] = 'C:/Program Files/Unity/Hub/Editor/6000.0.41f1/Editor/Data/Managed'
Mono path[1] = 'C:/Program Files/Unity/Hub/Editor/6000.0.41f1/Editor/Data/MonoBleedingEdge/lib/mono/unityjit-win32'
Mono config path = 'C:/Program Files/Unity/Hub/Editor/6000.0.41f1/Editor/Data/MonoBleedingEdge/etc'
Using monoOptions --debugger-agent=transport=dt_socket,embedding=1,server=y,suspend=n,address=127.0.0.1:56828
Begin MonoManager ReloadAssembly
Registering precompiled unity dll's ...
Register platform support module: C:/Program Files/Unity/Hub/Editor/6000.0.41f1/Editor/Data/PlaybackEngines/WebGLSupport/UnityEditor.WebGL.Extensions.dll
Register platform support module: C:/Program Files/Unity/Hub/Editor/6000.0.41f1/Editor/Data/PlaybackEngines/WindowsStandaloneSupport/UnityEditor.WindowsStandalone.Extensions.dll
Register platform support module: C:/Program Files/Unity/Hub/Editor/6000.0.41f1/Editor/Data/PlaybackEngines/AndroidPlayer/UnityEditor.Android.Extensions.dll
Register platform support module: C:/Program Files/Unity/Hub/Editor/6000.0.41f1/Editor/Data/PlaybackEngines/iOSSupport/UnityEditor.iOS.Extensions.dll
Registered in 0.004430 seconds.
- Loaded All Assemblies, in  0.399 seconds
Native extension for iOS target not found
Native extension for Android target not found
Android Extension - Scanning For ADB Devices 272 ms
Native extension for WindowsStandalone target not found
Native extension for WebGL target not found
Mono: successfully reloaded assembly
- Finished resetting the current domain, in  0.649 seconds
Domain Reload Profiling: 1047ms
	BeginReloadAssembly (130ms)
		ExecutionOrderSort (0ms)
		DisableScriptedObjects (0ms)
		BackupInstance (0ms)
		ReleaseScriptingObjects (0ms)
		CreateAndSetChildDomain (1ms)
	RebuildCommonClasses (36ms)
	RebuildNativeTypeToScriptingClass (11ms)
	initialDomainReloadingComplete (45ms)
	LoadAllAssembliesAndSetupDomain (175ms)
		LoadAssemblies (129ms)
		RebuildTransferFunctionScriptingTraits (0ms)
		AnalyzeDomain (170ms)
			TypeCache.Refresh (169ms)
				TypeCache.ScanAssembly (155ms)
			BuildScriptInfoCaches (0ms)
			ResolveRequiredComponents (0ms)
	FinalizeReload (650ms)
		ReleaseScriptCaches (0ms)
		RebuildScriptCaches (0ms)
		SetupLoadedEditorAssemblies (608ms)
			LogAssemblyErrors (0ms)
			InitializePlatformSupportModulesInManaged (367ms)
			SetLoadedEditorAssemblies (3ms)
			BeforeProcessingInitializeOnLoad (52ms)
			ProcessInitializeOnLoadAttributes (123ms)
			ProcessInitializeOnLoadMethodAttributes (63ms)
			AfterProcessingInitializeOnLoad (0ms)
			EditorAssembliesLoaded (0ms)
		ExecutionOrderSort2 (0ms)
		AwakeInstancesAfterBackupRestoration (0ms)
========================================================================
Worker process is ready to serve import requests
Import Worker Mode flag is 0x00
Begin MonoManager ReloadAssembly
- Loaded All Assemblies, in  0.625 seconds
Refreshing native plugins compatible for Editor in 0.60 ms, found 3 plugins.
Native extension for iOS target not found
Native extension for Android target not found
Native extension for WindowsStandalone target not found
Native extension for WebGL target not found
Mono: successfully reloaded assembly
- Finished resetting the current domain, in  0.488 seconds
Domain Reload Profiling: 1110ms
	BeginReloadAssembly (167ms)
		ExecutionOrderSort (0ms)
		DisableScriptedObjects (6ms)
		BackupInstance (0ms)
		ReleaseScriptingObjects (0ms)
		CreateAndSetChildDomain (35ms)
	RebuildCommonClasses (41ms)
	RebuildNativeTypeToScriptingClass (12ms)
	initialDomainReloadingComplete (33ms)
	LoadAllAssembliesAndSetupDomain (368ms)
		LoadAssemblies (270ms)
		RebuildTransferFunctionScriptingTraits (0ms)
		AnalyzeDomain (194ms)
			TypeCache.Refresh (155ms)
				TypeCache.ScanAssembly (142ms)
			BuildScriptInfoCaches (28ms)
			ResolveRequiredComponents (7ms)
	FinalizeReload (488ms)
		ReleaseScriptCaches (0ms)
		RebuildScriptCaches (0ms)
		SetupLoadedEditorAssemblies (380ms)
			LogAssemblyErrors (0ms)
			InitializePlatformSupportModulesInManaged (18ms)
			SetLoadedEditorAssemblies (4ms)
			BeforeProcessingInitializeOnLoad (74ms)
			ProcessInitializeOnLoadAttributes (259ms)
			ProcessInitializeOnLoadMethodAttributes (21ms)
			AfterProcessingInitializeOnLoad (3ms)
			EditorAssembliesLoaded (0ms)
		ExecutionOrderSort2 (0ms)
		AwakeInstancesAfterBackupRestoration (5ms)
Launched and connected shader compiler UnityShaderCompiler.exe after 0.01 seconds
Refreshing native plugins compatible for Editor in 0.73 ms, found 3 plugins.
Preloading 0 native plugins for Editor in 0.00 ms.
Unloading 64 Unused Serialized files (Serialized files now loaded: 0)
Unloading 3544 unused Assets / (2.9 MB). Loaded Objects now: 4068.
Memory consumption went from 104.5 MB to 101.6 MB.
Total: 5.543900 ms (FindLiveObjects: 0.366100 ms CreateObjectMapping: 0.302400 ms MarkObjects: 3.511000 ms  DeleteObjects: 1.363400 ms)

========================================================================
Received Import Request.
  Time since last request: 11793.040143 seconds.
  path: Assets/Prefab/hook.prefab
  artifactKey: Guid(5b60c2370c785bf4eaeb93375170fb92) Importer(815301076,1909f56bfc062723c751e8b465ee728b)
Start importing Assets/Prefab/hook.prefab using Guid(5b60c2370c785bf4eaeb93375170fb92) Importer(815301076,1909f56bfc062723c751e8b465ee728b) (PreviewImporter) -> (artifact id: 'b0fee743bca9b6ee04d9bccd289cf9ee') in 0.1036946 seconds
Number of updated asset objects reloaded before import = 0Number of asset objects unloaded after import = 19

========================================================================
Received Import Request.
  Time since last request: 450.253777 seconds.
  path: Assets/Ishikawa1116/LOW-POLY GUNS PACK_SAMPLE/Meshes/Rifle/Rifle_00.fbx
  artifactKey: Guid(129f0ad0f238ef349aef1e050de95f49) Importer(815301076,1909f56bfc062723c751e8b465ee728b)
Start importing Assets/Ishikawa1116/LOW-POLY GUNS PACK_SAMPLE/Meshes/Rifle/Rifle_00.fbx using Guid(129f0ad0f238ef349aef1e050de95f49) Importer(815301076,1909f56bfc062723c751e8b465ee728b) (PreviewImporter) -> (artifact id: '3d70fcf4e6c37e936cf26def5627d6e5') in 0.0980938 seconds
Number of updated asset objects reloaded before import = 0Number of asset objects unloaded after import = 72

========================================================================
Received Import Request.
  Time since last request: 4.363359 seconds.
  path: Assets/Ishikawa1116/LOW-POLY GUNS PACK_SAMPLE/Meshes/Rifle/Rifle_00_07_08_mag.fbx
  artifactKey: Guid(f1715af7ba514394f9dc06c020824a95) Importer(815301076,1909f56bfc062723c751e8b465ee728b)
Start importing Assets/Ishikawa1116/LOW-POLY GUNS PACK_SAMPLE/Meshes/Rifle/Rifle_00_07_08_mag.fbx using Guid(f1715af7ba514394f9dc06c020824a95) Importer(815301076,1909f56bfc062723c751e8b465ee728b) (PreviewImporter) -> (artifact id: '4c0736738261956a703fc26410465f21') in 0.0130742 seconds
Number of updated asset objects reloaded before import = 0Number of asset objects unloaded after import = 14

========================================================================
Received Import Request.
  Time since last request: 1.177410 seconds.
  path: Assets/Ishikawa1116/LOW-POLY GUNS PACK_SAMPLE/Meshes/Pistol/Pitol_00_mag.fbx
  artifactKey: Guid(f611d383c5c8aa0448d5f5afb4908f04) Importer(815301076,1909f56bfc062723c751e8b465ee728b)
Start importing Assets/Ishikawa1116/LOW-POLY GUNS PACK_SAMPLE/Meshes/Pistol/Pitol_00_mag.fbx using Guid(f611d383c5c8aa0448d5f5afb4908f04) Importer(815301076,1909f56bfc062723c751e8b465ee728b) (PreviewImporter) -> (artifact id: '0c315a335f95221e56261c5052c36133') in 0.0115429 seconds
Number of updated asset objects reloaded before import = 0Number of asset objects unloaded after import = 14

========================================================================
Received Import Request.
  Time since last request: 45.332916 seconds.
  path: Assets/Ishikawa1116/LOW-POLY GUNS PACK_SAMPLE/Meshes/Bullet/RifleBullet.fbx
  artifactKey: Guid(d9ab20c0dc3d4114ea1ff1b373d18711) Importer(815301076,1909f56bfc062723c751e8b465ee728b)
Start importing Assets/Ishikawa1116/LOW-POLY GUNS PACK_SAMPLE/Meshes/Bullet/RifleBullet.fbx using Guid(d9ab20c0dc3d4114ea1ff1b373d18711) Importer(815301076,1909f56bfc062723c751e8b465ee728b) (PreviewImporter) -> (artifact id: 'f86a2f48adc7765dcf2cd3e20932a889') in 0.0190809 seconds
Number of updated asset objects reloaded before import = 0Number of asset objects unloaded after import = 16

========================================================================
Received Import Request.
  Time since last request: 25.906328 seconds.
  path: Assets/Low Poly Stones/Prefabs
  artifactKey: Guid(f9b02d1773e50fe4584a46581ee8771e) Importer(815301076,1909f56bfc062723c751e8b465ee728b)
Start importing Assets/Low Poly Stones/Prefabs using Guid(f9b02d1773e50fe4584a46581ee8771e) Importer(815301076,1909f56bfc062723c751e8b465ee728b) (PreviewImporter) -> (artifact id: '4d401c4612724b171a0557a161e45309') in 0.0005898 seconds
Number of updated asset objects reloaded before import = 0Number of asset objects unloaded after import = 0

========================================================================
Received Import Request.
  Time since last request: 0.081100 seconds.
  path: Assets/Low Poly Stones/Prefabs/ST_Stone1.prefab
  artifactKey: Guid(6649b2f5cd1488d49be654766dfe7855) Importer(815301076,1909f56bfc062723c751e8b465ee728b)
Start importing Assets/Low Poly Stones/Prefabs/ST_Stone1.prefab using Guid(6649b2f5cd1488d49be654766dfe7855) Importer(815301076,1909f56bfc062723c751e8b465ee728b) (PreviewImporter) -> (artifact id: '0501eae5a15992b5c08321fc45baf3ee') in 0.0295514 seconds
Number of updated asset objects reloaded before import = 0Number of asset objects unloaded after import = 12

========================================================================
Received Import Request.
  Time since last request: 0.000015 seconds.
  path: Assets/Low Poly Stones/Prefabs/ST_Stone5.prefab
  artifactKey: Guid(9a7807950894d41429dc2c1d999e3e94) Importer(815301076,1909f56bfc062723c751e8b465ee728b)
Start importing Assets/Low Poly Stones/Prefabs/ST_Stone5.prefab using Guid(9a7807950894d41429dc2c1d999e3e94) Importer(815301076,1909f56bfc062723c751e8b465ee728b) (PreviewImporter) -> (artifact id: '2e8ab599ad71e513d11949a971aab9fa') in 0.0211209 seconds
Number of updated asset objects reloaded before import = 0Number of asset objects unloaded after import = 21

========================================================================
Received Import Request.
  Time since last request: 44.183659 seconds.
  path: Assets/Ishikawa1116/LOW-POLY GUNS PACK_SAMPLE/Prefabs
  artifactKey: Guid(69e11ae656649754a817550bd55a2bdd) Importer(815301076,1909f56bfc062723c751e8b465ee728b)
Start importing Assets/Ishikawa1116/LOW-POLY GUNS PACK_SAMPLE/Prefabs using Guid(69e11ae656649754a817550bd55a2bdd) Importer(815301076,1909f56bfc062723c751e8b465ee728b) (PreviewImporter) -> (artifact id: '7c00bbbb4d08b5598c0aedf426f6a489') in 0.0005279 seconds
Number of updated asset objects reloaded before import = 0Number of asset objects unloaded after import = 0

========================================================================
Received Import Request.
  Time since last request: 2.966424 seconds.
  path: Assets/Ishikawa1116/LOW-POLY GUNS PACK_SAMPLE/Prefabs/Tan
  artifactKey: Guid(cbded7ad18ec39540b66f358b3beeb47) Importer(815301076,1909f56bfc062723c751e8b465ee728b)
Start importing Assets/Ishikawa1116/LOW-POLY GUNS PACK_SAMPLE/Prefabs/Tan using Guid(cbded7ad18ec39540b66f358b3beeb47) Importer(815301076,1909f56bfc062723c751e8b465ee728b) (PreviewImporter) -> (artifact id: '468678323765af6be72efe5cdd47e618') in 0.0004615 seconds
Number of updated asset objects reloaded before import = 0Number of asset objects unloaded after import = 0

========================================================================
Received Import Request.
  Time since last request: 0.893924 seconds.
  path: Assets/Ishikawa1116/LOW-POLY GUNS PACK_SAMPLE/Prefabs/Tan/Rifle
  artifactKey: Guid(fd427ddcb33749141a9395ebbe35c8bf) Importer(815301076,1909f56bfc062723c751e8b465ee728b)
Start importing Assets/Ishikawa1116/LOW-POLY GUNS PACK_SAMPLE/Prefabs/Tan/Rifle using Guid(fd427ddcb33749141a9395ebbe35c8bf) Importer(815301076,1909f56bfc062723c751e8b465ee728b) (PreviewImporter) -> (artifact id: '17ee8e601fbb813922c7cc3cc3798d60') in 0.0004514 seconds
Number of updated asset objects reloaded before import = 0Number of asset objects unloaded after import = 0

========================================================================
Received Import Request.
  Time since last request: 2.422698 seconds.
  path: Assets/Ishikawa1116/LOW-POLY GUNS PACK_SAMPLE/Materials/SampleSceneMaterial.mat
  artifactKey: Guid(bedb7fa821145cc4b89e0eed9cfc24fa) Importer(815301076,1909f56bfc062723c751e8b465ee728b)
Start importing Assets/Ishikawa1116/LOW-POLY GUNS PACK_SAMPLE/Materials/SampleSceneMaterial.mat using Guid(bedb7fa821145cc4b89e0eed9cfc24fa) Importer(815301076,1909f56bfc062723c751e8b465ee728b) (PreviewImporter) -> (artifact id: '83c07bc857101ef2100188a96f4c185b') in 0.0050924 seconds
Number of updated asset objects reloaded before import = 0Number of asset objects unloaded after import = 1

========================================================================
Received Import Request.
  Time since last request: 0.000019 seconds.
  path: Assets/Ishikawa1116/LOW-POLY GUNS PACK_SAMPLE/Materials/Texture_tan.mat
  artifactKey: Guid(602e04abde661c4499fbba36c2f66fad) Importer(815301076,1909f56bfc062723c751e8b465ee728b)
Start importing Assets/Ishikawa1116/LOW-POLY GUNS PACK_SAMPLE/Materials/Texture_tan.mat using Guid(602e04abde661c4499fbba36c2f66fad) Importer(815301076,1909f56bfc062723c751e8b465ee728b) (PreviewImporter) -> (artifact id: 'cc8c709a837c5b24e81bffec0fa16e87') in 0.0056647 seconds
Number of updated asset objects reloaded before import = 0Number of asset objects unloaded after import = 2

========================================================================
Received Import Request.
  Time since last request: 5.099809 seconds.
  path: Assets/Ishikawa1116/LOW-POLY GUNS PACK_SAMPLE/Textures/Texture_black.png
  artifactKey: Guid(6371ba44e1e695640bb1cf43e0f80d25) Importer(815301076,1909f56bfc062723c751e8b465ee728b)
Start importing Assets/Ishikawa1116/LOW-POLY GUNS PACK_SAMPLE/Textures/Texture_black.png using Guid(6371ba44e1e695640bb1cf43e0f80d25) Importer(815301076,1909f56bfc062723c751e8b465ee728b) (PreviewImporter) -> (artifact id: 'c33187304fe7727f3e07510581798169') in 0.0220355 seconds
Number of updated asset objects reloaded before import = 0Number of asset objects unloaded after import = 2

========================================================================
Received Import Request.
  Time since last request: 6.560860 seconds.
  path: Assets/Ishikawa1116/LOW-POLY GUNS PACK_SAMPLE/Meshes/Bullet
  artifactKey: Guid(43234fdfd81e234448e2f645eb068bc6) Importer(815301076,1909f56bfc062723c751e8b465ee728b)
Start importing Assets/Ishikawa1116/LOW-POLY GUNS PACK_SAMPLE/Meshes/Bullet using Guid(43234fdfd81e234448e2f645eb068bc6) Importer(815301076,1909f56bfc062723c751e8b465ee728b) (PreviewImporter) -> (artifact id: 'bbe8aef2203a312d77d38acf4392582c') in 0.0006076 seconds
Number of updated asset objects reloaded before import = 0Number of asset objects unloaded after import = 0

========================================================================
Received Prepare
Begin MonoManager ReloadAssembly
- Loaded All Assemblies, in  0.534 seconds
Refreshing native plugins compatible for Editor in 0.91 ms, found 3 plugins.
Native extension for iOS target not found
Native extension for Android target not found
Native extension for WindowsStandalone target not found
Native extension for WebGL target not found
Mono: successfully reloaded assembly
- Finished resetting the current domain, in  0.492 seconds
Domain Reload Profiling: 1026ms
	BeginReloadAssembly (173ms)
		ExecutionOrderSort (0ms)
		DisableScriptedObjects (5ms)
		BackupInstance (0ms)
		ReleaseScriptingObjects (0ms)
		CreateAndSetChildDomain (43ms)
	RebuildCommonClasses (31ms)
	RebuildNativeTypeToScriptingClass (11ms)
	initialDomainReloadingComplete (26ms)
	LoadAllAssembliesAndSetupDomain (293ms)
		LoadAssemblies (254ms)
		RebuildTransferFunctionScriptingTraits (0ms)
		AnalyzeDomain (129ms)
			TypeCache.Refresh (7ms)
				TypeCache.ScanAssembly (0ms)
			BuildScriptInfoCaches (116ms)
			ResolveRequiredComponents (4ms)
	FinalizeReload (493ms)
		ReleaseScriptCaches (0ms)
		RebuildScriptCaches (0ms)
		SetupLoadedEditorAssemblies (377ms)
			LogAssemblyErrors (0ms)
			InitializePlatformSupportModulesInManaged (16ms)
			SetLoadedEditorAssemblies (4ms)
			BeforeProcessingInitializeOnLoad (78ms)
			ProcessInitializeOnLoadAttributes (250ms)
			ProcessInitializeOnLoadMethodAttributes (24ms)
			AfterProcessingInitializeOnLoad (4ms)
			EditorAssembliesLoaded (0ms)
		ExecutionOrderSort2 (0ms)
		AwakeInstancesAfterBackupRestoration (6ms)
Refreshing native plugins compatible for Editor in 0.85 ms, found 3 plugins.
Preloading 0 native plugins for Editor in 0.00 ms.
Unloading 12 Unused Serialized files (Serialized files now loaded: 0)
Unloading 3544 unused Assets / (2.5 MB). Loaded Objects now: 4117.
Memory consumption went from 107.7 MB to 105.2 MB.
Total: 5.574900 ms (FindLiveObjects: 0.443800 ms CreateObjectMapping: 0.320500 ms MarkObjects: 3.627200 ms  DeleteObjects: 1.181400 ms)

Prepare: number of updated asset objects reloaded= 0
========================================================================
Received Import Request.
  Time since last request: 440.966426 seconds.
  path: Assets/Prefab/Gun.prefab
  artifactKey: Guid(b055e6205fd389b439993e135832f240) Importer(815301076,1909f56bfc062723c751e8b465ee728b)
Start importing Assets/Prefab/Gun.prefab using Guid(b055e6205fd389b439993e135832f240) Importer(815301076,1909f56bfc062723c751e8b465ee728b) (PreviewImporter) -> (artifact id: '0998dcc7775894d10a4c2de27dd501fd') in 0.0858055 seconds
Number of updated asset objects reloaded before import = 0Number of asset objects unloaded after import = 19

========================================================================
Received Import Request.
  Time since last request: 20.258202 seconds.
  path: Assets/Greek_Columns/Prefabs
  artifactKey: Guid(d45ac6a3bb1a50542acce80e805a633f) Importer(815301076,1909f56bfc062723c751e8b465ee728b)
Start importing Assets/Greek_Columns/Prefabs using Guid(d45ac6a3bb1a50542acce80e805a633f) Importer(815301076,1909f56bfc062723c751e8b465ee728b) (PreviewImporter) -> (artifact id: '2fe887ed96982c84cd6dfeb0f91e9b41') in 0.0006837 seconds
Number of updated asset objects reloaded before import = 0Number of asset objects unloaded after import = 0

========================================================================
Received Import Request.
  Time since last request: 0.101675 seconds.
  path: Assets/Greek_Columns/Prefabs/_Mh_Greek_Ionic_Cap_BlueGold.prefab
  artifactKey: Guid(374c6cd876b3d7144b59df1e98061f8b) Importer(815301076,1909f56bfc062723c751e8b465ee728b)
Start importing Assets/Greek_Columns/Prefabs/_Mh_Greek_Ionic_Cap_BlueGold.prefab using Guid(374c6cd876b3d7144b59df1e98061f8b) Importer(815301076,1909f56bfc062723c751e8b465ee728b) (PreviewImporter) -> (artifact id: '0f167ca0caf2e7c8a4d62fd5854d24f5') in 0.0176312 seconds
Number of updated asset objects reloaded before import = 0Number of asset objects unloaded after import = 12

========================================================================
Received Import Request.
  Time since last request: 0.000022 seconds.
  path: Assets/Greek_Columns/Prefabs/Mh_Greek_Ionic_Gold.prefab
  artifactKey: Guid(b445ee7cccd992e458e83714257f1fd6) Importer(815301076,1909f56bfc062723c751e8b465ee728b)
Start importing Assets/Greek_Columns/Prefabs/Mh_Greek_Ionic_Gold.prefab using Guid(b445ee7cccd992e458e83714257f1fd6) Importer(815301076,1909f56bfc062723c751e8b465ee728b) (PreviewImporter) -> (artifact id: 'd8ed14daeb6ceabc4996dbdb1c88ba11') in 0.0180092 seconds
Number of updated asset objects reloaded before import = 0Number of asset objects unloaded after import = 12

========================================================================
Received Import Request.
  Time since last request: 0.000018 seconds.
  path: Assets/Greek_Columns/Prefabs/Mh_Greek_Ionic_Red.prefab
  artifactKey: Guid(bf937fff4c73c374f9e234102984db57) Importer(815301076,1909f56bfc062723c751e8b465ee728b)
Start importing Assets/Greek_Columns/Prefabs/Mh_Greek_Ionic_Red.prefab using Guid(bf937fff4c73c374f9e234102984db57) Importer(815301076,1909f56bfc062723c751e8b465ee728b) (PreviewImporter) -> (artifact id: '2f73412b8b3f2dcdd42ecbd31d5ea363') in 0.0171356 seconds
Number of updated asset objects reloaded before import = 0Number of asset objects unloaded after import = 12

========================================================================
Received Import Request.
  Time since last request: 0.000030 seconds.
  path: Assets/Greek_Columns/Prefabs/Mh_Greek_Ionic_BlueGold.prefab
  artifactKey: Guid(dfd2e1a99c05cc14faa8603de91b6ac4) Importer(815301076,1909f56bfc062723c751e8b465ee728b)
Start importing Assets/Greek_Columns/Prefabs/Mh_Greek_Ionic_BlueGold.prefab using Guid(dfd2e1a99c05cc14faa8603de91b6ac4) Importer(815301076,1909f56bfc062723c751e8b465ee728b) (PreviewImporter) -> (artifact id: '8abd09b8e663e9e7aa84248e88f3b5a0') in 0.0132591 seconds
Number of updated asset objects reloaded before import = 0Number of asset objects unloaded after import = 12

========================================================================
Received Import Request.
  Time since last request: 0.000019 seconds.
  path: Assets/Greek_Columns/Prefabs/_Mh_Greek_Ionic_Cap_Marble.prefab
  artifactKey: Guid(f4743b6eeb057ec48a6770e5560c5953) Importer(815301076,1909f56bfc062723c751e8b465ee728b)
Start importing Assets/Greek_Columns/Prefabs/_Mh_Greek_Ionic_Cap_Marble.prefab using Guid(f4743b6eeb057ec48a6770e5560c5953) Importer(815301076,1909f56bfc062723c751e8b465ee728b) (PreviewImporter) -> (artifact id: 'f6c998f917eaaaa9916062c9be66739a') in 0.0169527 seconds
Number of updated asset objects reloaded before import = 0Number of asset objects unloaded after import = 12

========================================================================
Received Import Request.
  Time since last request: 0.000016 seconds.
  path: Assets/Greek_Columns/Prefabs/Mh_Greek_Doric.prefab
  artifactKey: Guid(b5618e37cff8de74295a9921ee68d8f8) Importer(815301076,1909f56bfc062723c751e8b465ee728b)
Start importing Assets/Greek_Columns/Prefabs/Mh_Greek_Doric.prefab using Guid(b5618e37cff8de74295a9921ee68d8f8) Importer(815301076,1909f56bfc062723c751e8b465ee728b) (PreviewImporter) -> (artifact id: '8595d02727648ed5f664d8d21f291826') in 0.0142146 seconds
Number of updated asset objects reloaded before import = 0Number of asset objects unloaded after import = 12

========================================================================
Received Import Request.
  Time since last request: 0.000018 seconds.
  path: Assets/Greek_Columns/Prefabs/_Mh_Greek_Ionic_Cap_RedGold.prefab
  artifactKey: Guid(e0983516ac791494f9725fb65b6b1f09) Importer(815301076,1909f56bfc062723c751e8b465ee728b)
Start importing Assets/Greek_Columns/Prefabs/_Mh_Greek_Ionic_Cap_RedGold.prefab using Guid(e0983516ac791494f9725fb65b6b1f09) Importer(815301076,1909f56bfc062723c751e8b465ee728b) (PreviewImporter) -> (artifact id: 'f1d0a9ef4ab2e50b2360fabe67d3ff3f') in 0.0171153 seconds
Number of updated asset objects reloaded before import = 0Number of asset objects unloaded after import = 12

========================================================================
Received Import Request.
  Time since last request: 0.000024 seconds.
  path: Assets/Greek_Columns/Prefabs/Mh_Greek_Ionic_Marble.prefab
  artifactKey: Guid(704e586ded9552645aa266e3e3a96ee2) Importer(815301076,1909f56bfc062723c751e8b465ee728b)
Start importing Assets/Greek_Columns/Prefabs/Mh_Greek_Ionic_Marble.prefab using Guid(704e586ded9552645aa266e3e3a96ee2) Importer(815301076,1909f56bfc062723c751e8b465ee728b) (PreviewImporter) -> (artifact id: '81150a550cd0f853f13a9cbaef83089f') in 0.0145736 seconds
Number of updated asset objects reloaded before import = 0Number of asset objects unloaded after import = 12

Editor requested this worker to shutdown with reason: Scaling down because of idle timeout
AssetImportWorker is now disconnected from the server
Process exiting
Exiting without the bug reporter. Application will terminate with return code 0