Using pre-set license
Built from '6000.0/staging' branch; Version is '6000.0.41f1 (46e447368a18) revision 4645959'; Using compiler version '193933523'; Build Type 'Release'
OS: 'Windows 11  (10.0.22631) 64bit Professional' Language: 'ja' Physical Memory: 32493 MB
BatchMode: 1, IsHumanControllingUs: 0, StartBugReporterOnCrash: 0, Is64bit: 1, IsPro: 1

COMMAND LINE ARGUMENTS:
C:\Program Files\Unity\Hub\Editor\6000.0.41f1\Editor\Unity.exe
-adb2
-batchMode
-noUpm
-name
AssetImportWorker4
-projectPath
C:/Users/ktc/Desktop/116/１
-logFile
Logs/AssetImportWorker4.log
-srvPort
49173
-job-worker-count
7
-background-job-worker-count
8
-gc-helper-count
1
Successfully changed project path to: C:/Users/ktc/Desktop/116/１
C:/Users/ktc/Desktop/116/１
[UnityMemory] Configuration Parameters - Can be set up in boot.config
    "memorysetup-bucket-allocator-granularity=16"
    "memorysetup-bucket-allocator-bucket-count=8"
    "memorysetup-bucket-allocator-block-size=33554432"
    "memorysetup-bucket-allocator-block-count=8"
    "memorysetup-main-allocator-block-size=16777216"
    "memorysetup-thread-allocator-block-size=16777216"
    "memorysetup-gfx-main-allocator-block-size=16777216"
    "memorysetup-gfx-thread-allocator-block-size=16777216"
    "memorysetup-cache-allocator-block-size=4194304"
    "memorysetup-typetree-allocator-block-size=2097152"
    "memorysetup-profiler-bucket-allocator-granularity=16"
    "memorysetup-profiler-bucket-allocator-bucket-count=8"
    "memorysetup-profiler-bucket-allocator-block-size=33554432"
    "memorysetup-profiler-bucket-allocator-block-count=8"
    "memorysetup-profiler-allocator-block-size=16777216"
    "memorysetup-profiler-editor-allocator-block-size=1048576"
    "memorysetup-temp-allocator-size-main=16777216"
    "memorysetup-job-temp-allocator-block-size=2097152"
    "memorysetup-job-temp-allocator-block-size-background=1048576"
    "memorysetup-job-temp-allocator-reduction-small-platforms=262144"
    "memorysetup-allocator-temp-initial-block-size-main=262144"
    "memorysetup-allocator-temp-initial-block-size-worker=262144"
    "memorysetup-temp-allocator-size-background-worker=32768"
    "memorysetup-temp-allocator-size-job-worker=262144"
    "memorysetup-temp-allocator-size-preload-manager=33554432"
    "memorysetup-temp-allocator-size-nav-mesh-worker=65536"
    "memorysetup-temp-allocator-size-audio-worker=65536"
    "memorysetup-temp-allocator-size-cloud-worker=32768"
    "memorysetup-temp-allocator-size-gi-baking-worker=262144"
    "memorysetup-temp-allocator-size-gi-baking-worker=262144"
    "memorysetup-temp-allocator-size-gi-baking-worker=262144"
    "memorysetup-temp-allocator-size-gi-baking-worker=262144"
    "memorysetup-temp-allocator-size-gi-baking-worker=262144"
    "memorysetup-temp-allocator-size-gfx=262144"
Player connection [20984]  Target information:

Player connection [20984]  * "[IP] 172.22.74.147 [Port] 0 [Flags] 2 [Guid] 4043911553 [EditorId] 4043911553 [Version] 1048832 [Id] WindowsEditor(7,504-14) [Debug] 1 [PackageName] WindowsEditor [ProjectName] Editor" 

Player connection [20984]  * "[IP] 172.20.96.1 [Port] 0 [Flags] 2 [Guid] 4043911553 [EditorId] 4043911553 [Version] 1048832 [Id] WindowsEditor(7,504-14) [Debug] 1 [PackageName] WindowsEditor [ProjectName] Editor" 

Player connection [20984]  * "[IP] 192.168.56.1 [Port] 0 [Flags] 2 [Guid] 4043911553 [EditorId] 4043911553 [Version] 1048832 [Id] WindowsEditor(7,504-14) [Debug] 1 [PackageName] WindowsEditor [ProjectName] Editor" 

Player connection [20984] Host joined multi-casting on [225.0.0.222:54997]...
Player connection [20984] Host joined alternative multi-casting on [225.0.0.222:34997]...
JobSystem: Creating JobQueue using job-worker-count value 7
Input System module state changed to: Initialized.
[Physics::Module] Initialized fallback backend.
[Physics::Module] Id: 0xdecafbad
Library Redirect Path: Library/
[Physics::Module] Selected backend.
[Physics::Module] Name: PhysX
[Physics::Module] Id: 0xf2b8ea05
[Physics::Module] SDK Version: 4.1.2
[Physics::Module] Integration Version: 1.0.0
[Physics::Module] Threading Mode: Multi-Threaded
Refreshing native plugins compatible for Editor in 2.03 ms, found 3 plugins.
Preloading 0 native plugins for Editor in 0.00 ms.
Initialize engine version: 6000.0.41f1 (46e447368a18)
[Subsystems] Discovering subsystems at path C:/Program Files/Unity/Hub/Editor/6000.0.41f1/Editor/Data/Resources/UnitySubsystems
[Subsystems] Discovering subsystems at path C:/Users/ktc/Desktop/116/１/Assets
GfxDevice: creating device client; kGfxThreadingModeNonThreaded
Direct3D:
    Version:  Direct3D 11.0 [level 11.1]
    Renderer: NVIDIA GeForce RTX 3060 (ID=0x2503)
    Vendor:   NVIDIA
    VRAM:     12115 MB
    Driver:   32.0.15.6624
Initialize mono
Mono path[0] = 'C:/Program Files/Unity/Hub/Editor/6000.0.41f1/Editor/Data/Managed'
Mono path[1] = 'C:/Program Files/Unity/Hub/Editor/6000.0.41f1/Editor/Data/MonoBleedingEdge/lib/mono/unityjit-win32'
Mono config path = 'C:/Program Files/Unity/Hub/Editor/6000.0.41f1/Editor/Data/MonoBleedingEdge/etc'
Using monoOptions --debugger-agent=transport=dt_socket,embedding=1,server=y,suspend=n,address=127.0.0.1:56452
Begin MonoManager ReloadAssembly
Registering precompiled unity dll's ...
Register platform support module: C:/Program Files/Unity/Hub/Editor/6000.0.41f1/Editor/Data/PlaybackEngines/WebGLSupport/UnityEditor.WebGL.Extensions.dll
Register platform support module: C:/Program Files/Unity/Hub/Editor/6000.0.41f1/Editor/Data/PlaybackEngines/WindowsStandaloneSupport/UnityEditor.WindowsStandalone.Extensions.dll
Register platform support module: C:/Program Files/Unity/Hub/Editor/6000.0.41f1/Editor/Data/PlaybackEngines/AndroidPlayer/UnityEditor.Android.Extensions.dll
Register platform support module: C:/Program Files/Unity/Hub/Editor/6000.0.41f1/Editor/Data/PlaybackEngines/iOSSupport/UnityEditor.iOS.Extensions.dll
Registered in 0.005454 seconds.
- Loaded All Assemblies, in  0.462 seconds
Native extension for iOS target not found
Native extension for Android target not found
Android Extension - Scanning For ADB Devices 327 ms
Native extension for WindowsStandalone target not found
Native extension for WebGL target not found
Mono: successfully reloaded assembly
- Finished resetting the current domain, in  0.773 seconds
Domain Reload Profiling: 1234ms
	BeginReloadAssembly (160ms)
		ExecutionOrderSort (0ms)
		DisableScriptedObjects (0ms)
		BackupInstance (0ms)
		ReleaseScriptingObjects (0ms)
		CreateAndSetChildDomain (1ms)
	RebuildCommonClasses (42ms)
	RebuildNativeTypeToScriptingClass (14ms)
	initialDomainReloadingComplete (54ms)
	LoadAllAssembliesAndSetupDomain (191ms)
		LoadAssemblies (157ms)
		RebuildTransferFunctionScriptingTraits (0ms)
		AnalyzeDomain (187ms)
			TypeCache.Refresh (186ms)
				TypeCache.ScanAssembly (168ms)
			BuildScriptInfoCaches (0ms)
			ResolveRequiredComponents (0ms)
	FinalizeReload (774ms)
		ReleaseScriptCaches (0ms)
		RebuildScriptCaches (0ms)
		SetupLoadedEditorAssemblies (720ms)
			LogAssemblyErrors (0ms)
			InitializePlatformSupportModulesInManaged (443ms)
			SetLoadedEditorAssemblies (5ms)
			BeforeProcessingInitializeOnLoad (60ms)
			ProcessInitializeOnLoadAttributes (142ms)
			ProcessInitializeOnLoadMethodAttributes (70ms)
			AfterProcessingInitializeOnLoad (0ms)
			EditorAssembliesLoaded (0ms)
		ExecutionOrderSort2 (0ms)
		AwakeInstancesAfterBackupRestoration (0ms)
========================================================================
Worker process is ready to serve import requests
Import Worker Mode flag is 0x00
Begin MonoManager ReloadAssembly
- Loaded All Assemblies, in  0.723 seconds
Refreshing native plugins compatible for Editor in 0.78 ms, found 3 plugins.
Native extension for iOS target not found
Native extension for Android target not found
Native extension for WindowsStandalone target not found
Native extension for WebGL target not found
Mono: successfully reloaded assembly
- Finished resetting the current domain, in  0.584 seconds
Domain Reload Profiling: 1303ms
	BeginReloadAssembly (207ms)
		ExecutionOrderSort (0ms)
		DisableScriptedObjects (7ms)
		BackupInstance (0ms)
		ReleaseScriptingObjects (0ms)
		CreateAndSetChildDomain (38ms)
	RebuildCommonClasses (46ms)
	RebuildNativeTypeToScriptingClass (13ms)
	initialDomainReloadingComplete (44ms)
	LoadAllAssembliesAndSetupDomain (407ms)
		LoadAssemblies (324ms)
		RebuildTransferFunctionScriptingTraits (0ms)
		AnalyzeDomain (205ms)
			TypeCache.Refresh (167ms)
				TypeCache.ScanAssembly (153ms)
			BuildScriptInfoCaches (29ms)
			ResolveRequiredComponents (6ms)
	FinalizeReload (585ms)
		ReleaseScriptCaches (0ms)
		RebuildScriptCaches (0ms)
		SetupLoadedEditorAssemblies (451ms)
			LogAssemblyErrors (0ms)
			InitializePlatformSupportModulesInManaged (17ms)
			SetLoadedEditorAssemblies (4ms)
			BeforeProcessingInitializeOnLoad (84ms)
			ProcessInitializeOnLoadAttributes (312ms)
			ProcessInitializeOnLoadMethodAttributes (28ms)
			AfterProcessingInitializeOnLoad (6ms)
			EditorAssembliesLoaded (0ms)
		ExecutionOrderSort2 (0ms)
		AwakeInstancesAfterBackupRestoration (7ms)
Launched and connected shader compiler UnityShaderCompiler.exe after 0.01 seconds
Refreshing native plugins compatible for Editor in 1.12 ms, found 3 plugins.
Preloading 0 native plugins for Editor in 0.00 ms.
Unloading 64 Unused Serialized files (Serialized files now loaded: 0)
Unloading 3544 unused Assets / (2.7 MB). Loaded Objects now: 4068.
Memory consumption went from 104.5 MB to 101.9 MB.
Total: 9.239500 ms (FindLiveObjects: 0.498000 ms CreateObjectMapping: 0.576000 ms MarkObjects: 6.464300 ms  DeleteObjects: 1.699500 ms)

========================================================================
Received Import Request.
  Time since last request: 2846.838278 seconds.
  path: Assets/Material
  artifactKey: Guid(cead1178df9f86541bbe9435ad3ace05) Importer(815301076,1909f56bfc062723c751e8b465ee728b)
Start importing Assets/Material using Guid(cead1178df9f86541bbe9435ad3ace05) Importer(815301076,1909f56bfc062723c751e8b465ee728b) (PreviewImporter) -> (artifact id: '5b7beb4b19036ca3fa5e597273d2a1e7') in 0.005448 seconds
Number of updated asset objects reloaded before import = 0Number of asset objects unloaded after import = 0

========================================================================
Received Import Request.
  Time since last request: 3.694998 seconds.
  path: Assets/image
  artifactKey: Guid(5480af7a1d2dbe34fb0452bffe5a08dc) Importer(815301076,1909f56bfc062723c751e8b465ee728b)
Start importing Assets/image using Guid(5480af7a1d2dbe34fb0452bffe5a08dc) Importer(815301076,1909f56bfc062723c751e8b465ee728b) (PreviewImporter) -> (artifact id: 'a25d611daf9d5805aa149e5f594f3fca') in 0.000435 seconds
Number of updated asset objects reloaded before import = 0Number of asset objects unloaded after import = 0

========================================================================
Received Import Request.
  Time since last request: 108.834396 seconds.
  path: Assets/Free Low Poly Desert Pack/FBX Files/Flat Colors/Flat_Well_01.fbx
  artifactKey: Guid(d1b3cc5751f113146b7d01d700c186df) Importer(815301076,1909f56bfc062723c751e8b465ee728b)
Start importing Assets/Free Low Poly Desert Pack/FBX Files/Flat Colors/Flat_Well_01.fbx using Guid(d1b3cc5751f113146b7d01d700c186df) Importer(815301076,1909f56bfc062723c751e8b465ee728b) (PreviewImporter) -> (artifact id: 'e366c95e8ff40e9bc4ec00e8c1db4c7d') in 0.110653 seconds
Number of updated asset objects reloaded before import = 0Number of asset objects unloaded after import = 8

========================================================================
Received Import Request.
  Time since last request: 0.000021 seconds.
  path: Assets/Free Low Poly Desert Pack/FBX Files/Flat Colors/Flat_Tree_02.fbx
  artifactKey: Guid(b4118b9a4314f5940ab0dbe7342b4146) Importer(815301076,1909f56bfc062723c751e8b465ee728b)
Start importing Assets/Free Low Poly Desert Pack/FBX Files/Flat Colors/Flat_Tree_02.fbx using Guid(b4118b9a4314f5940ab0dbe7342b4146) Importer(815301076,1909f56bfc062723c751e8b465ee728b) (PreviewImporter) -> (artifact id: '280d6caaedc3fa3714a8949fd94d4757') in 0.0081962 seconds
Number of updated asset objects reloaded before import = 0Number of asset objects unloaded after import = 8

========================================================================
Received Import Request.
  Time since last request: 0.266238 seconds.
  path: Assets/Low Poly Stones/Mesh/ST_Stone4.fbx
  artifactKey: Guid(988b8b3b52b09a74f9db9350c61edbc2) Importer(815301076,1909f56bfc062723c751e8b465ee728b)
Start importing Assets/Low Poly Stones/Mesh/ST_Stone4.fbx using Guid(988b8b3b52b09a74f9db9350c61edbc2) Importer(815301076,1909f56bfc062723c751e8b465ee728b) (PreviewImporter) -> (artifact id: 'ed512cf8cc913e9297f32bc0db77f4c5') in 0.2215569 seconds
Number of updated asset objects reloaded before import = 0Number of asset objects unloaded after import = 10

========================================================================
Received Import Request.
  Time since last request: 0.000019 seconds.
  path: Assets/Low Poly Stones/Mesh/ST_Stone2.fbx
  artifactKey: Guid(aa6beadd1e5bca944ac45160153c5d30) Importer(815301076,1909f56bfc062723c751e8b465ee728b)
Start importing Assets/Low Poly Stones/Mesh/ST_Stone2.fbx using Guid(aa6beadd1e5bca944ac45160153c5d30) Importer(815301076,1909f56bfc062723c751e8b465ee728b) (PreviewImporter) -> (artifact id: 'db4ff47f09e32dbe8006e2802ec4f261') in 0.0201454 seconds
Number of updated asset objects reloaded before import = 0Number of asset objects unloaded after import = 10

========================================================================
Received Import Request.
  Time since last request: 1.950013 seconds.
  path: Assets/FlexUnit/MedievalWeaponPack/FBX/Spear.fbx
  artifactKey: Guid(3a797f47875814c62b7b039134e1024b) Importer(815301076,1909f56bfc062723c751e8b465ee728b)
Start importing Assets/FlexUnit/MedievalWeaponPack/FBX/Spear.fbx using Guid(3a797f47875814c62b7b039134e1024b) Importer(815301076,1909f56bfc062723c751e8b465ee728b) (PreviewImporter) -> (artifact id: '0cc6417f3b92130b67af3a98d57d5983') in 0.0101583 seconds
Number of updated asset objects reloaded before import = 0Number of asset objects unloaded after import = 7

========================================================================
Received Import Request.
  Time since last request: 0.031492 seconds.
  path: Assets/FlexUnit/MedievalWeaponPack/FBX/Scythe.fbx
  artifactKey: Guid(7729ac7db811e4e3b84142efbce4d3bc) Importer(815301076,1909f56bfc062723c751e8b465ee728b)
Start importing Assets/FlexUnit/MedievalWeaponPack/FBX/Scythe.fbx using Guid(7729ac7db811e4e3b84142efbce4d3bc) Importer(815301076,1909f56bfc062723c751e8b465ee728b) (PreviewImporter) -> (artifact id: '5b830e9d90a615f215ec2cbf16447f74') in 0.0092771 seconds
Number of updated asset objects reloaded before import = 0Number of asset objects unloaded after import = 7

========================================================================
Received Import Request.
  Time since last request: 0.271311 seconds.
  path: Assets/FlexUnit/MedievalWeaponPack/FBX/Saber.fbx
  artifactKey: Guid(5aa59c69c80804002b3760580f7b9c86) Importer(815301076,1909f56bfc062723c751e8b465ee728b)
Start importing Assets/FlexUnit/MedievalWeaponPack/FBX/Saber.fbx using Guid(5aa59c69c80804002b3760580f7b9c86) Importer(815301076,1909f56bfc062723c751e8b465ee728b) (PreviewImporter) -> (artifact id: 'affbde6105148218fae9bc77e7fb2b8a') in 0.0080619 seconds
Number of updated asset objects reloaded before import = 0Number of asset objects unloaded after import = 7

========================================================================
Received Import Request.
  Time since last request: 0.021596 seconds.
  path: Assets/Free Low Poly Desert Pack/FBX Files/Flat Colors/Flat_Rock_01.fbx
  artifactKey: Guid(37e412f3502894c4c928d6774b0592ac) Importer(815301076,1909f56bfc062723c751e8b465ee728b)
Start importing Assets/Free Low Poly Desert Pack/FBX Files/Flat Colors/Flat_Rock_01.fbx using Guid(37e412f3502894c4c928d6774b0592ac) Importer(815301076,1909f56bfc062723c751e8b465ee728b) (PreviewImporter) -> (artifact id: 'dab63d0c608d31370af5ff870f3f345c') in 0.0097387 seconds
Number of updated asset objects reloaded before import = 0Number of asset objects unloaded after import = 8

========================================================================
Received Import Request.
  Time since last request: 0.544937 seconds.
  path: Assets/Free Low Poly Desert Pack/FBX Files/Flat Colors/Flat_Plant_02.fbx
  artifactKey: Guid(9167397dd26cd42429f41cde6ab8968a) Importer(815301076,1909f56bfc062723c751e8b465ee728b)
Start importing Assets/Free Low Poly Desert Pack/FBX Files/Flat Colors/Flat_Plant_02.fbx using Guid(9167397dd26cd42429f41cde6ab8968a) Importer(815301076,1909f56bfc062723c751e8b465ee728b) (PreviewImporter) -> (artifact id: 'e4eb0f1db2d2be3ea0ea3c12d6949bda') in 0.00893 seconds
Number of updated asset objects reloaded before import = 0Number of asset objects unloaded after import = 8

========================================================================
Received Import Request.
  Time since last request: 0.017016 seconds.
  path: Assets/Greek_Columns/Greek_Columns_Mesh/Mh_Greek_Ionic_Cap.fbx
  artifactKey: Guid(494aff1346d5b4f49ab83ca410c56a3f) Importer(815301076,1909f56bfc062723c751e8b465ee728b)
Start importing Assets/Greek_Columns/Greek_Columns_Mesh/Mh_Greek_Ionic_Cap.fbx using Guid(494aff1346d5b4f49ab83ca410c56a3f) Importer(815301076,1909f56bfc062723c751e8b465ee728b) (PreviewImporter) -> (artifact id: 'dcbfe90fb16b47f34e53ead31bd7fcf3') in 0.0333786 seconds
Number of updated asset objects reloaded before import = 0Number of asset objects unloaded after import = 12

========================================================================
Received Import Request.
  Time since last request: 0.000016 seconds.
  path: Assets/Greek_Columns/Greek_Columns_Mesh/Mh_Greek_Ionic.fbx
  artifactKey: Guid(d7c3e7082a1c8c941baee491ad2d76af) Importer(815301076,1909f56bfc062723c751e8b465ee728b)
Start importing Assets/Greek_Columns/Greek_Columns_Mesh/Mh_Greek_Ionic.fbx using Guid(d7c3e7082a1c8c941baee491ad2d76af) Importer(815301076,1909f56bfc062723c751e8b465ee728b) (PreviewImporter) -> (artifact id: '1144ffd421ca30920b0ae24b3ae71254') in 0.0167824 seconds
Number of updated asset objects reloaded before import = 0Number of asset objects unloaded after import = 12

========================================================================
Received Import Request.
  Time since last request: 1.717999 seconds.
  path: Assets/Free Low Poly Desert Pack/FBX Files/Flat Colors/Flat_Ground_01.fbx
  artifactKey: Guid(f5baf401218f50f45a7f0fc2a17b6215) Importer(815301076,1909f56bfc062723c751e8b465ee728b)
Start importing Assets/Free Low Poly Desert Pack/FBX Files/Flat Colors/Flat_Ground_01.fbx using Guid(f5baf401218f50f45a7f0fc2a17b6215) Importer(815301076,1909f56bfc062723c751e8b465ee728b) (PreviewImporter) -> (artifact id: 'a98597006770e86be10329ff348cc5e0') in 0.0082958 seconds
Number of updated asset objects reloaded before import = 0Number of asset objects unloaded after import = 8

========================================================================
Received Import Request.
  Time since last request: 0.023336 seconds.
  path: Assets/FlexUnit/MedievalWeaponPack/FBX/FlangedMace.fbx
  artifactKey: Guid(026f4417fee4e41a78dd62a847fb2331) Importer(815301076,1909f56bfc062723c751e8b465ee728b)
Start importing Assets/FlexUnit/MedievalWeaponPack/FBX/FlangedMace.fbx using Guid(026f4417fee4e41a78dd62a847fb2331) Importer(815301076,1909f56bfc062723c751e8b465ee728b) (PreviewImporter) -> (artifact id: '2c58b27862fd240f29fe5b2947afd662') in 0.0084706 seconds
Number of updated asset objects reloaded before import = 0Number of asset objects unloaded after import = 7

========================================================================
Received Import Request.
  Time since last request: 0.024879 seconds.
  path: Assets/FlexUnit/MedievalWeaponPack/FBX/Club.fbx
  artifactKey: Guid(dd9ebdbe4141b400c8566a13e984f6b7) Importer(815301076,1909f56bfc062723c751e8b465ee728b)
Start importing Assets/FlexUnit/MedievalWeaponPack/FBX/Club.fbx using Guid(dd9ebdbe4141b400c8566a13e984f6b7) Importer(815301076,1909f56bfc062723c751e8b465ee728b) (PreviewImporter) -> (artifact id: 'd050730a054e7a118d5c8c98fc267b3a') in 0.0104824 seconds
Number of updated asset objects reloaded before import = 0Number of asset objects unloaded after import = 7

========================================================================
Received Import Request.
  Time since last request: 0.585970 seconds.
  path: Assets/Free Low Poly Desert Pack/FBX Files/Flat Colors/Flat_Cactus_02.fbx
  artifactKey: Guid(5d68287dfd7269a46bdafd483e2a0426) Importer(815301076,1909f56bfc062723c751e8b465ee728b)
Start importing Assets/Free Low Poly Desert Pack/FBX Files/Flat Colors/Flat_Cactus_02.fbx using Guid(5d68287dfd7269a46bdafd483e2a0426) Importer(815301076,1909f56bfc062723c751e8b465ee728b) (PreviewImporter) -> (artifact id: 'a2902184d3dcc0e57639915d1f28038b') in 0.0090072 seconds
Number of updated asset objects reloaded before import = 0Number of asset objects unloaded after import = 8

========================================================================
Received Import Request.
  Time since last request: 0.017588 seconds.
  path: Assets/Free Low Poly Desert Pack/FBX Files/Flat Colors/Flat_Cactus_01.fbx
  artifactKey: Guid(e7464e6962c79794bbfcdb1d60ea5cd1) Importer(815301076,1909f56bfc062723c751e8b465ee728b)
Start importing Assets/Free Low Poly Desert Pack/FBX Files/Flat Colors/Flat_Cactus_01.fbx using Guid(e7464e6962c79794bbfcdb1d60ea5cd1) Importer(815301076,1909f56bfc062723c751e8b465ee728b) (PreviewImporter) -> (artifact id: 'b00e7433c30692233f63329a8037280d') in 0.0083738 seconds
Number of updated asset objects reloaded before import = 0Number of asset objects unloaded after import = 8

========================================================================
Received Import Request.
  Time since last request: 0.043712 seconds.
  path: Assets/FlexUnit/MedievalWeaponPack/FBX/Bow.fbx
  artifactKey: Guid(8157566e3235e4c06b089dbba215ddc6) Importer(815301076,1909f56bfc062723c751e8b465ee728b)
Start importing Assets/FlexUnit/MedievalWeaponPack/FBX/Bow.fbx using Guid(8157566e3235e4c06b089dbba215ddc6) Importer(815301076,1909f56bfc062723c751e8b465ee728b) (PreviewImporter) -> (artifact id: '11fadc5b07b4a5a0c2b0bcce73986f98') in 0.034535 seconds
Number of updated asset objects reloaded before import = 0Number of asset objects unloaded after import = 55

========================================================================
Received Import Request.
  Time since last request: 1.132516 seconds.
  path: Assets/Prefab/Cactus.prefab
  artifactKey: Guid(75f0e09d15ced0c44b557ee7d2ff0e03) Importer(815301076,1909f56bfc062723c751e8b465ee728b)
Start importing Assets/Prefab/Cactus.prefab using Guid(75f0e09d15ced0c44b557ee7d2ff0e03) Importer(815301076,1909f56bfc062723c751e8b465ee728b) (PreviewImporter) -> (artifact id: '0865a25d7b4381d3ee467850cbbf19c6') in 0.0060573 seconds
Number of updated asset objects reloaded before import = 0Number of asset objects unloaded after import = 9

========================================================================
Received Import Request.
  Time since last request: 2.811372 seconds.
  path: Assets/Prefab/Cactus.prefab
  artifactKey: Guid(75f0e09d15ced0c44b557ee7d2ff0e03) Importer(815301076,1909f56bfc062723c751e8b465ee728b)
Start importing Assets/Prefab/Cactus.prefab using Guid(75f0e09d15ced0c44b557ee7d2ff0e03) Importer(815301076,1909f56bfc062723c751e8b465ee728b) (PreviewImporter) -> (artifact id: 'd10d86e53da7618f45993b19b909cf8d') in 0.0053336 seconds
Number of updated asset objects reloaded before import = 0Number of asset objects unloaded after import = 9

========================================================================
Received Import Request.
  Time since last request: 3.821307 seconds.
  path: Assets/Prefab/Cactus.prefab
  artifactKey: Guid(75f0e09d15ced0c44b557ee7d2ff0e03) Importer(815301076,1909f56bfc062723c751e8b465ee728b)
Start importing Assets/Prefab/Cactus.prefab using Guid(75f0e09d15ced0c44b557ee7d2ff0e03) Importer(815301076,1909f56bfc062723c751e8b465ee728b) (PreviewImporter) -> (artifact id: 'ec5d9971e42fa59f9a356f9c2a05e5f9') in 0.0066827 seconds
Number of updated asset objects reloaded before import = 0Number of asset objects unloaded after import = 9

========================================================================
Received Prepare
Begin MonoManager ReloadAssembly
- Loaded All Assemblies, in  0.535 seconds
Refreshing native plugins compatible for Editor in 0.61 ms, found 3 plugins.
Native extension for iOS target not found
Native extension for Android target not found
Native extension for WindowsStandalone target not found
Native extension for WebGL target not found
Mono: successfully reloaded assembly
- Finished resetting the current domain, in  0.490 seconds
Domain Reload Profiling: 1025ms
	BeginReloadAssembly (170ms)
		ExecutionOrderSort (0ms)
		DisableScriptedObjects (4ms)
		BackupInstance (0ms)
		ReleaseScriptingObjects (0ms)
		CreateAndSetChildDomain (45ms)
	RebuildCommonClasses (29ms)
	RebuildNativeTypeToScriptingClass (13ms)
	initialDomainReloadingComplete (24ms)
	LoadAllAssembliesAndSetupDomain (299ms)
		LoadAssemblies (245ms)
		RebuildTransferFunctionScriptingTraits (0ms)
		AnalyzeDomain (137ms)
			TypeCache.Refresh (5ms)
				TypeCache.ScanAssembly (0ms)
			BuildScriptInfoCaches (121ms)
			ResolveRequiredComponents (7ms)
	FinalizeReload (490ms)
		ReleaseScriptCaches (0ms)
		RebuildScriptCaches (0ms)
		SetupLoadedEditorAssemblies (382ms)
			LogAssemblyErrors (0ms)
			InitializePlatformSupportModulesInManaged (16ms)
			SetLoadedEditorAssemblies (5ms)
			BeforeProcessingInitializeOnLoad (80ms)
			ProcessInitializeOnLoadAttributes (259ms)
			ProcessInitializeOnLoadMethodAttributes (20ms)
			AfterProcessingInitializeOnLoad (4ms)
			EditorAssembliesLoaded (0ms)
		ExecutionOrderSort2 (0ms)
		AwakeInstancesAfterBackupRestoration (7ms)
Refreshing native plugins compatible for Editor in 0.80 ms, found 3 plugins.
Preloading 0 native plugins for Editor in 0.00 ms.
Unloading 12 Unused Serialized files (Serialized files now loaded: 0)
Unloading 3542 unused Assets / (2.6 MB). Loaded Objects now: 4116.
Memory consumption went from 107.7 MB to 105.1 MB.
Total: 5.659000 ms (FindLiveObjects: 0.536000 ms CreateObjectMapping: 0.552900 ms MarkObjects: 3.417700 ms  DeleteObjects: 1.150400 ms)

Prepare: number of updated asset objects reloaded= 0
========================================================================
Received Import Request.
  Time since last request: 52.025014 seconds.
  path: Assets/FlexUnit/MedievalWeaponPack/FBX/Axe.fbx
  artifactKey: Guid(094ba9be64cba455baa2ac91a2ee401f) Importer(815301076,1909f56bfc062723c751e8b465ee728b)
Start importing Assets/FlexUnit/MedievalWeaponPack/FBX/Axe.fbx using Guid(094ba9be64cba455baa2ac91a2ee401f) Importer(815301076,1909f56bfc062723c751e8b465ee728b) (PreviewImporter) -> (artifact id: '82df3c45a419bb93ad7ec8596ad0c22a') in 0.1094183 seconds
Number of updated asset objects reloaded before import = 0Number of asset objects unloaded after import = 7

========================================================================
Received Prepare
Begin MonoManager ReloadAssembly
- Loaded All Assemblies, in  0.537 seconds
Refreshing native plugins compatible for Editor in 1.03 ms, found 3 plugins.
Native extension for iOS target not found
Native extension for Android target not found
Native extension for WindowsStandalone target not found
Native extension for WebGL target not found
Mono: successfully reloaded assembly
- Finished resetting the current domain, in  0.483 seconds
Domain Reload Profiling: 1018ms
	BeginReloadAssembly (164ms)
		ExecutionOrderSort (0ms)
		DisableScriptedObjects (4ms)
		BackupInstance (0ms)
		ReleaseScriptingObjects (0ms)
		CreateAndSetChildDomain (38ms)
	RebuildCommonClasses (29ms)
	RebuildNativeTypeToScriptingClass (11ms)
	initialDomainReloadingComplete (28ms)
	LoadAllAssembliesAndSetupDomain (303ms)
		LoadAssemblies (272ms)
		RebuildTransferFunctionScriptingTraits (0ms)
		AnalyzeDomain (119ms)
			TypeCache.Refresh (5ms)
				TypeCache.ScanAssembly (0ms)
			BuildScriptInfoCaches (106ms)
			ResolveRequiredComponents (5ms)
	FinalizeReload (483ms)
		ReleaseScriptCaches (0ms)
		RebuildScriptCaches (0ms)
		SetupLoadedEditorAssemblies (365ms)
			LogAssemblyErrors (0ms)
			InitializePlatformSupportModulesInManaged (14ms)
			SetLoadedEditorAssemblies (4ms)
			BeforeProcessingInitializeOnLoad (74ms)
			ProcessInitializeOnLoadAttributes (244ms)
			ProcessInitializeOnLoadMethodAttributes (25ms)
			AfterProcessingInitializeOnLoad (4ms)
			EditorAssembliesLoaded (0ms)
		ExecutionOrderSort2 (0ms)
		AwakeInstancesAfterBackupRestoration (9ms)
Refreshing native plugins compatible for Editor in 0.94 ms, found 3 plugins.
Preloading 0 native plugins for Editor in 0.00 ms.
Unloading 12 Unused Serialized files (Serialized files now loaded: 0)
Unloading 3542 unused Assets / (2.9 MB). Loaded Objects now: 4116.
Memory consumption went from 107.7 MB to 104.8 MB.
Total: 6.949600 ms (FindLiveObjects: 0.429500 ms CreateObjectMapping: 0.294700 ms MarkObjects: 4.452000 ms  DeleteObjects: 1.772400 ms)

Prepare: number of updated asset objects reloaded= 0
========================================================================
Received Prepare
Begin MonoManager ReloadAssembly
- Loaded All Assemblies, in  0.549 seconds
Refreshing native plugins compatible for Editor in 0.82 ms, found 3 plugins.
Native extension for iOS target not found
Native extension for Android target not found
Native extension for WindowsStandalone target not found
Native extension for WebGL target not found
Mono: successfully reloaded assembly
- Finished resetting the current domain, in  0.553 seconds
Domain Reload Profiling: 1103ms
	BeginReloadAssembly (166ms)
		ExecutionOrderSort (0ms)
		DisableScriptedObjects (6ms)
		BackupInstance (0ms)
		ReleaseScriptingObjects (0ms)
		CreateAndSetChildDomain (37ms)
	RebuildCommonClasses (40ms)
	RebuildNativeTypeToScriptingClass (13ms)
	initialDomainReloadingComplete (23ms)
	LoadAllAssembliesAndSetupDomain (308ms)
		LoadAssemblies (258ms)
		RebuildTransferFunctionScriptingTraits (0ms)
		AnalyzeDomain (138ms)
			TypeCache.Refresh (6ms)
				TypeCache.ScanAssembly (0ms)
			BuildScriptInfoCaches (125ms)
			ResolveRequiredComponents (4ms)
	FinalizeReload (553ms)
		ReleaseScriptCaches (0ms)
		RebuildScriptCaches (0ms)
		SetupLoadedEditorAssemblies (430ms)
			LogAssemblyErrors (0ms)
			InitializePlatformSupportModulesInManaged (17ms)
			SetLoadedEditorAssemblies (5ms)
			BeforeProcessingInitializeOnLoad (88ms)
			ProcessInitializeOnLoadAttributes (291ms)
			ProcessInitializeOnLoadMethodAttributes (25ms)
			AfterProcessingInitializeOnLoad (4ms)
			EditorAssembliesLoaded (0ms)
		ExecutionOrderSort2 (0ms)
		AwakeInstancesAfterBackupRestoration (7ms)
Refreshing native plugins compatible for Editor in 0.74 ms, found 3 plugins.
Preloading 0 native plugins for Editor in 0.00 ms.
Unloading 12 Unused Serialized files (Serialized files now loaded: 0)
Unloading 3542 unused Assets / (3.5 MB). Loaded Objects now: 4116.
Memory consumption went from 107.7 MB to 104.2 MB.
Total: 6.715600 ms (FindLiveObjects: 0.424200 ms CreateObjectMapping: 0.431200 ms MarkObjects: 3.947700 ms  DeleteObjects: 1.910900 ms)

Prepare: number of updated asset objects reloaded= 0
========================================================================
Received Prepare
Begin MonoManager ReloadAssembly
- Loaded All Assemblies, in  0.537 seconds
Refreshing native plugins compatible for Editor in 0.95 ms, found 3 plugins.
Native extension for iOS target not found
Native extension for Android target not found
Native extension for WindowsStandalone target not found
Native extension for WebGL target not found
Mono: successfully reloaded assembly
- Finished resetting the current domain, in  0.454 seconds
Domain Reload Profiling: 990ms
	BeginReloadAssembly (164ms)
		ExecutionOrderSort (0ms)
		DisableScriptedObjects (6ms)
		BackupInstance (0ms)
		ReleaseScriptingObjects (0ms)
		CreateAndSetChildDomain (35ms)
	RebuildCommonClasses (41ms)
	RebuildNativeTypeToScriptingClass (12ms)
	initialDomainReloadingComplete (20ms)
	LoadAllAssembliesAndSetupDomain (299ms)
		LoadAssemblies (259ms)
		RebuildTransferFunctionScriptingTraits (0ms)
		AnalyzeDomain (130ms)
			TypeCache.Refresh (5ms)
				TypeCache.ScanAssembly (0ms)
			BuildScriptInfoCaches (118ms)
			ResolveRequiredComponents (5ms)
	FinalizeReload (454ms)
		ReleaseScriptCaches (0ms)
		RebuildScriptCaches (0ms)
		SetupLoadedEditorAssemblies (352ms)
			LogAssemblyErrors (0ms)
			InitializePlatformSupportModulesInManaged (16ms)
			SetLoadedEditorAssemblies (4ms)
			BeforeProcessingInitializeOnLoad (67ms)
			ProcessInitializeOnLoadAttributes (241ms)
			ProcessInitializeOnLoadMethodAttributes (21ms)
			AfterProcessingInitializeOnLoad (4ms)
			EditorAssembliesLoaded (0ms)
		ExecutionOrderSort2 (0ms)
		AwakeInstancesAfterBackupRestoration (7ms)
Refreshing native plugins compatible for Editor in 0.71 ms, found 3 plugins.
Preloading 0 native plugins for Editor in 0.00 ms.
Unloading 12 Unused Serialized files (Serialized files now loaded: 0)
Unloading 3542 unused Assets / (2.7 MB). Loaded Objects now: 4116.
Memory consumption went from 107.7 MB to 105.0 MB.
Total: 5.581900 ms (FindLiveObjects: 0.375200 ms CreateObjectMapping: 0.310700 ms MarkObjects: 3.664300 ms  DeleteObjects: 1.230000 ms)

Prepare: number of updated asset objects reloaded= 0
========================================================================
Received Prepare
Begin MonoManager ReloadAssembly
- Loaded All Assemblies, in  0.518 seconds
Refreshing native plugins compatible for Editor in 0.70 ms, found 3 plugins.
Native extension for iOS target not found
Native extension for Android target not found
Native extension for WindowsStandalone target not found
Native extension for WebGL target not found
Mono: successfully reloaded assembly
- Finished resetting the current domain, in  0.476 seconds
Domain Reload Profiling: 994ms
	BeginReloadAssembly (166ms)
		ExecutionOrderSort (0ms)
		DisableScriptedObjects (5ms)
		BackupInstance (0ms)
		ReleaseScriptingObjects (0ms)
		CreateAndSetChildDomain (34ms)
	RebuildCommonClasses (30ms)
	RebuildNativeTypeToScriptingClass (12ms)
	initialDomainReloadingComplete (20ms)
	LoadAllAssembliesAndSetupDomain (290ms)
		LoadAssemblies (256ms)
		RebuildTransferFunctionScriptingTraits (0ms)
		AnalyzeDomain (124ms)
			TypeCache.Refresh (7ms)
				TypeCache.ScanAssembly (0ms)
			BuildScriptInfoCaches (107ms)
			ResolveRequiredComponents (7ms)
	FinalizeReload (476ms)
		ReleaseScriptCaches (0ms)
		RebuildScriptCaches (0ms)
		SetupLoadedEditorAssemblies (366ms)
			LogAssemblyErrors (0ms)
			InitializePlatformSupportModulesInManaged (17ms)
			SetLoadedEditorAssemblies (4ms)
			BeforeProcessingInitializeOnLoad (74ms)
			ProcessInitializeOnLoadAttributes (243ms)
			ProcessInitializeOnLoadMethodAttributes (24ms)
			AfterProcessingInitializeOnLoad (4ms)
			EditorAssembliesLoaded (0ms)
		ExecutionOrderSort2 (0ms)
		AwakeInstancesAfterBackupRestoration (7ms)
Refreshing native plugins compatible for Editor in 1.17 ms, found 3 plugins.
Preloading 0 native plugins for Editor in 0.00 ms.
Unloading 12 Unused Serialized files (Serialized files now loaded: 0)
Unloading 3542 unused Assets / (2.9 MB). Loaded Objects now: 4116.
Memory consumption went from 107.7 MB to 104.9 MB.
Total: 6.556100 ms (FindLiveObjects: 0.381500 ms CreateObjectMapping: 0.614300 ms MarkObjects: 4.075400 ms  DeleteObjects: 1.483300 ms)

Prepare: number of updated asset objects reloaded= 0
========================================================================
Received Prepare
Begin MonoManager ReloadAssembly
- Loaded All Assemblies, in  0.536 seconds
Refreshing native plugins compatible for Editor in 0.72 ms, found 3 plugins.
Native extension for iOS target not found
Native extension for Android target not found
Native extension for WindowsStandalone target not found
Native extension for WebGL target not found
Mono: successfully reloaded assembly
- Finished resetting the current domain, in  0.472 seconds
Domain Reload Profiling: 1007ms
	BeginReloadAssembly (165ms)
		ExecutionOrderSort (0ms)
		DisableScriptedObjects (6ms)
		BackupInstance (0ms)
		ReleaseScriptingObjects (0ms)
		CreateAndSetChildDomain (42ms)
	RebuildCommonClasses (30ms)
	RebuildNativeTypeToScriptingClass (11ms)
	initialDomainReloadingComplete (24ms)
	LoadAllAssembliesAndSetupDomain (305ms)
		LoadAssemblies (257ms)
		RebuildTransferFunctionScriptingTraits (0ms)
		AnalyzeDomain (131ms)
			TypeCache.Refresh (5ms)
				TypeCache.ScanAssembly (0ms)
			BuildScriptInfoCaches (119ms)
			ResolveRequiredComponents (4ms)
	FinalizeReload (473ms)
		ReleaseScriptCaches (0ms)
		RebuildScriptCaches (0ms)
		SetupLoadedEditorAssemblies (364ms)
			LogAssemblyErrors (0ms)
			InitializePlatformSupportModulesInManaged (17ms)
			SetLoadedEditorAssemblies (4ms)
			BeforeProcessingInitializeOnLoad (78ms)
			ProcessInitializeOnLoadAttributes (241ms)
			ProcessInitializeOnLoadMethodAttributes (20ms)
			AfterProcessingInitializeOnLoad (4ms)
			EditorAssembliesLoaded (0ms)
		ExecutionOrderSort2 (0ms)
		AwakeInstancesAfterBackupRestoration (7ms)
Refreshing native plugins compatible for Editor in 1.07 ms, found 3 plugins.
Preloading 0 native plugins for Editor in 0.00 ms.
Unloading 12 Unused Serialized files (Serialized files now loaded: 0)
Unloading 3542 unused Assets / (2.7 MB). Loaded Objects now: 4116.
Memory consumption went from 107.7 MB to 105.0 MB.
Total: 5.779700 ms (FindLiveObjects: 0.418300 ms CreateObjectMapping: 0.523400 ms MarkObjects: 3.470400 ms  DeleteObjects: 1.366400 ms)

Prepare: number of updated asset objects reloaded= 0
========================================================================
Received Import Request.
  Time since last request: 8534.059704 seconds.
  path: Assets/FlexUnit/MedievalWeaponPack
  artifactKey: Guid(d77c397f656f842bf8427b5e12ffcb36) Importer(815301076,1909f56bfc062723c751e8b465ee728b)
Start importing Assets/FlexUnit/MedievalWeaponPack using Guid(d77c397f656f842bf8427b5e12ffcb36) Importer(815301076,1909f56bfc062723c751e8b465ee728b) (PreviewImporter) -> (artifact id: '0bbbc61ec297bbf4029d9980a85ba5c4') in 0.0189308 seconds
Number of updated asset objects reloaded before import = 0Number of asset objects unloaded after import = 0

========================================================================
Received Import Request.
  Time since last request: 1.512396 seconds.
  path: Assets/FlexUnit/MedievalWeaponPack/FBX
  artifactKey: Guid(6c103fbb5d26e4583ab4ae9415dfa387) Importer(815301076,1909f56bfc062723c751e8b465ee728b)
Start importing Assets/FlexUnit/MedievalWeaponPack/FBX using Guid(6c103fbb5d26e4583ab4ae9415dfa387) Importer(815301076,1909f56bfc062723c751e8b465ee728b) (PreviewImporter) -> (artifact id: '2f9e8baeedf011c0d45b2457c279d1f8') in 0.0005007 seconds
Number of updated asset objects reloaded before import = 0Number of asset objects unloaded after import = 0

========================================================================
Received Import Request.
  Time since last request: 0.136273 seconds.
  path: Assets/FlexUnit/MedievalWeaponPack/FBX/Arrow.fbx
  artifactKey: Guid(ac7365aa6b86f443380bf4ce7d2d4c60) Importer(815301076,1909f56bfc062723c751e8b465ee728b)
Start importing Assets/FlexUnit/MedievalWeaponPack/FBX/Arrow.fbx using Guid(ac7365aa6b86f443380bf4ce7d2d4c60) Importer(815301076,1909f56bfc062723c751e8b465ee728b) (PreviewImporter) -> (artifact id: '2b8d1ee43723058d2668e799d40b4bdc') in 0.0872601 seconds
Number of updated asset objects reloaded before import = 0Number of asset objects unloaded after import = 7

========================================================================
Received Import Request.
  Time since last request: 63.382669 seconds.
  path: Assets/FlexUnit/MedievalWeaponPack/Materials/Atlas.mat
  artifactKey: Guid(36fe655f894c94a3d84ab013a15577f5) Importer(815301076,1909f56bfc062723c751e8b465ee728b)
Start importing Assets/FlexUnit/MedievalWeaponPack/Materials/Atlas.mat using Guid(36fe655f894c94a3d84ab013a15577f5) Importer(815301076,1909f56bfc062723c751e8b465ee728b) (PreviewImporter) -> (artifact id: 'a3e31ef4166905b26ee519a916dc74d7') in 0.0254713 seconds
Number of updated asset objects reloaded before import = 0Number of asset objects unloaded after import = 3

========================================================================
Received Import Request.
  Time since last request: 0.981370 seconds.
  path: Assets/FlexUnit/MedievalWeaponPack/Prefabs/Arrow.prefab
  artifactKey: Guid(f3e98e33fdb18423483bb9e9d4195cf1) Importer(815301076,1909f56bfc062723c751e8b465ee728b)
Start importing Assets/FlexUnit/MedievalWeaponPack/Prefabs/Arrow.prefab using Guid(f3e98e33fdb18423483bb9e9d4195cf1) Importer(815301076,1909f56bfc062723c751e8b465ee728b) (PreviewImporter) -> (artifact id: '1a8049ce54b4118991655a75bf0e1f76') in 0.0148021 seconds
Number of updated asset objects reloaded before import = 0Number of asset objects unloaded after import = 10

========================================================================
Received Import Request.
  Time since last request: 0.000023 seconds.
  path: Assets/FlexUnit/MedievalWeaponPack/Prefabs/Dagger.prefab
  artifactKey: Guid(3cfc4713418924499bc31f35f36c1c3d) Importer(815301076,1909f56bfc062723c751e8b465ee728b)
Start importing Assets/FlexUnit/MedievalWeaponPack/Prefabs/Dagger.prefab using Guid(3cfc4713418924499bc31f35f36c1c3d) Importer(815301076,1909f56bfc062723c751e8b465ee728b) (PreviewImporter) -> (artifact id: 'b9cf9304cb617a3546d75fa5b810b79a') in 0.0093356 seconds
Number of updated asset objects reloaded before import = 0Number of asset objects unloaded after import = 10

========================================================================
Received Import Request.
  Time since last request: 0.000023 seconds.
  path: Assets/FlexUnit/MedievalWeaponPack/Prefabs/Hammer.prefab
  artifactKey: Guid(e39f50de20c524f858b8a2a10fb7f1c6) Importer(815301076,1909f56bfc062723c751e8b465ee728b)
Start importing Assets/FlexUnit/MedievalWeaponPack/Prefabs/Hammer.prefab using Guid(e39f50de20c524f858b8a2a10fb7f1c6) Importer(815301076,1909f56bfc062723c751e8b465ee728b) (PreviewImporter) -> (artifact id: '202e6aa49591d3768b6fc58905dd2ca7') in 0.0094496 seconds
Number of updated asset objects reloaded before import = 0Number of asset objects unloaded after import = 10

========================================================================
Received Import Request.
  Time since last request: 0.000017 seconds.
  path: Assets/FlexUnit/MedievalWeaponPack/Prefabs/Sword.prefab
  artifactKey: Guid(181b55f9c40e5431ea7722ec76d64448) Importer(815301076,1909f56bfc062723c751e8b465ee728b)
Start importing Assets/FlexUnit/MedievalWeaponPack/Prefabs/Sword.prefab using Guid(181b55f9c40e5431ea7722ec76d64448) Importer(815301076,1909f56bfc062723c751e8b465ee728b) (PreviewImporter) -> (artifact id: 'a9cd26460fb7c5a8fe951ac2209af3fb') in 0.0088158 seconds
Number of updated asset objects reloaded before import = 0Number of asset objects unloaded after import = 10

========================================================================
Received Import Request.
  Time since last request: 0.000018 seconds.
  path: Assets/FlexUnit/MedievalWeaponPack/Prefabs/Scythe.prefab
  artifactKey: Guid(a4f9ed239d1a2477497758976987ad8b) Importer(815301076,1909f56bfc062723c751e8b465ee728b)
Start importing Assets/FlexUnit/MedievalWeaponPack/Prefabs/Scythe.prefab using Guid(a4f9ed239d1a2477497758976987ad8b) Importer(815301076,1909f56bfc062723c751e8b465ee728b) (PreviewImporter) -> (artifact id: 'd109aa6540507e86b7ca3babcc91509a') in 0.0087931 seconds
Number of updated asset objects reloaded before import = 0Number of asset objects unloaded after import = 10

========================================================================
Received Import Request.
  Time since last request: 0.000022 seconds.
  path: Assets/FlexUnit/MedievalWeaponPack/Prefabs/Gladius.prefab
  artifactKey: Guid(61c11221982a74dce8c62ae0710b7333) Importer(815301076,1909f56bfc062723c751e8b465ee728b)
Start importing Assets/FlexUnit/MedievalWeaponPack/Prefabs/Gladius.prefab using Guid(61c11221982a74dce8c62ae0710b7333) Importer(815301076,1909f56bfc062723c751e8b465ee728b) (PreviewImporter) -> (artifact id: '6a7029962d219b5bdd1ce339c1d20586') in 0.0079234 seconds
Number of updated asset objects reloaded before import = 0Number of asset objects unloaded after import = 10

========================================================================
Received Import Request.
  Time since last request: 0.000030 seconds.
  path: Assets/FlexUnit/MedievalWeaponPack/Prefabs/Mace.prefab
  artifactKey: Guid(8ac286fee259e424f9aa1341696c8339) Importer(815301076,1909f56bfc062723c751e8b465ee728b)
Start importing Assets/FlexUnit/MedievalWeaponPack/Prefabs/Mace.prefab using Guid(8ac286fee259e424f9aa1341696c8339) Importer(815301076,1909f56bfc062723c751e8b465ee728b) (PreviewImporter) -> (artifact id: 'e4842a435f228d177fd669892bfde310') in 0.0093641 seconds
Number of updated asset objects reloaded before import = 0Number of asset objects unloaded after import = 10

========================================================================
Received Import Request.
  Time since last request: 0.000046 seconds.
  path: Assets/FlexUnit/MedievalWeaponPack/Prefabs/FlangedMace.prefab
  artifactKey: Guid(d4d174913e7cc4ea1b1bf5a64b3a1ba6) Importer(815301076,1909f56bfc062723c751e8b465ee728b)
Start importing Assets/FlexUnit/MedievalWeaponPack/Prefabs/FlangedMace.prefab using Guid(d4d174913e7cc4ea1b1bf5a64b3a1ba6) Importer(815301076,1909f56bfc062723c751e8b465ee728b) (PreviewImporter) -> (artifact id: 'abd31321ac3756032e8750fd67e6a2e1') in 0.0080972 seconds
Number of updated asset objects reloaded before import = 0Number of asset objects unloaded after import = 10

Editor requested this worker to shutdown with reason: Scaling down because of idle timeout
AssetImportWorker is now disconnected from the server
Process exiting
Exiting without the bug reporter. Application will terminate with return code 0